<?xml version="1.0" encoding="UTF-8"?>
<!-- Generated by org.testng.reporters.JUnitReportReporter -->
<testsuite hostname="IN-75272J3" failures="0" tests="1" name="com.nagp.testcases.RemoveFromCartTest" time="8.367" errors="0" timestamp="2024-07-31T13:22:40 IST" skipped="0">
  <testcase classname="com.nagp.testcases.RemoveFromCartTest" name="removeFromCart" time="8.367"/>
  <system-out/>
</testsuite> <!-- com.nagp.testcases.RemoveFromCartTest -->
